[INFO] Scanning for projects...
[ERROR] [ERROR] Some problems were encountered while processing the POMs:
[ERROR] Non-resolvable import POM: The following artifacts could not be resolved: net.osgiliath.datamigrator:data-migrator-bom:pom:1.28-SNAPSHOT (absent): Could not find artifact net.osgiliath.datamigrator:data-migrator-bom:pom:1.28-SNAPSHOT @ line 21, column 25
[ERROR] 'dependencies.dependency.version' for org.hibernate:hibernate-jpamodelgen:jar is missing. @ line 742, column 21
[ERROR] 'dependencies.dependency.version' for com.querydsl:querydsl-apt:jar:jakarta is missing. @ line 770, column 21
[ERROR] 'dependencies.dependency.version' for com.querydsl:querydsl-jpa:jar:jakarta is missing. @ line 776, column 21
[ERROR] 'dependencies.dependency.version' for org.hibernate:hibernate-jcache:jar is missing. @ line 785, column 21
 @ 
[ERROR] The build could not read 1 project -> [Help 1]
[ERROR]   
[ERROR]   The project net.osgiliath.datamigrator.sample:sample-mono:1.28-SNAPSHOT (/Users/charliemordant/Code/Sources/data-migrator/sample-mono/pom.xml) has 5 errors
[ERROR]     Non-resolvable import POM: The following artifacts could not be resolved: net.osgiliath.datamigrator:data-migrator-bom:pom:1.28-SNAPSHOT (absent): Could not find artifact net.osgiliath.datamigrator:data-migrator-bom:pom:1.28-SNAPSHOT @ line 21, column 25 -> [Help 2]
[ERROR]     'dependencies.dependency.version' for org.hibernate:hibernate-jpamodelgen:jar is missing. @ line 742, column 21
[ERROR]     'dependencies.dependency.version' for com.querydsl:querydsl-apt:jar:jakarta is missing. @ line 770, column 21
[ERROR]     'dependencies.dependency.version' for com.querydsl:querydsl-jpa:jar:jakarta is missing. @ line 776, column 21
[ERROR]     'dependencies.dependency.version' for org.hibernate:hibernate-jcache:jar is missing. @ line 785, column 21
[ERROR] 
[ERROR] To see the full stack trace of the errors, re-run Maven with the -e switch.
[ERROR] Re-run Maven using the -X switch to enable full debug logging.
[ERROR] 
[ERROR] For more information about the errors and possible solutions, please read the following articles:
[ERROR] [Help 1] http://cwiki.apache.org/confluence/display/MAVEN/ProjectBuildingException
[ERROR] [Help 2] http://cwiki.apache.org/confluence/display/MAVEN/UnresolvableModelException
